

Microchip MPLAB XC8 Assembler V2.10 build 88905656 
                                                                                               Wed Mar 11 11:41:00 2020

Microchip MPLAB XC8 C Compiler v2.10 (Free license) build 20190730164152 Og1 
     1                           	processor	16F887
     2                           	opt	pw 120
     3                           	opt	flic
     4                           	psect	cinit,global,class=CODE,merge=1,delta=2
     5                           	psect	bssCOMMON,global,class=COMMON,space=1,delta=1
     6                           	psect	bssBANK0,global,class=BANK0,space=1,delta=1
     7                           	psect	cstackCOMMON,global,class=COMMON,space=1,delta=1
     8                           	psect	cstackBANK0,global,class=BANK0,space=1,delta=1
     9                           	psect	maintext,global,class=CODE,split=1,delta=2
    10                           	psect	text1,local,class=CODE,merge=1,delta=2
    11                           	psect	text2,local,class=CODE,merge=1,delta=2
    12                           	psect	text3,local,class=CODE,merge=1,delta=2
    13                           	psect	text4,local,class=CODE,merge=1,delta=2
    14                           	psect	intentry,global,class=CODE,delta=2
    15                           	dabs	1,0x7E,2
    16  0000                     
    17                           ; Version 2.10
    18                           ; Generated 31/07/2019 GMT
    19                           ; 
    20                           ; Copyright © 2019, Microchip Technology Inc. and its subsidiaries ("Microchip")
    21                           ; All rights reserved.
    22                           ; 
    23                           ; This software is developed by Microchip Technology Inc. and its subsidiaries ("Microch
      +                          ip").
    24                           ; 
    25                           ; Redistribution and use in source and binary forms, with or without modification, are
    26                           ; permitted provided that the following conditions are met:
    27                           ; 
    28                           ;     1. Redistributions of source code must retain the above copyright notice, this lis
      +                          t of
    29                           ;        conditions and the following disclaimer.
    30                           ; 
    31                           ;     2. Redistributions in binary form must reproduce the above copyright notice, this 
      +                          list
    32                           ;        of conditions and the following disclaimer in the documentation and/or other
    33                           ;        materials provided with the distribution.
    34                           ; 
    35                           ;     3. Microchip's name may not be used to endorse or promote products derived from th
      +                          is
    36                           ;        software without specific prior written permission.
    37                           ; 
    38                           ; THIS SOFTWARE IS PROVIDED BY MICROCHIP "AS IS" AND ANY EXPRESS OR IMPLIED WARRANTIES,
    39                           ; INCLUDING, BUT NOT LIMITED TO, THE IMPLIED WARRANTIES OF MERCHANTABILITY AND FITNESS F
      +                          OR
    40                           ; PURPOSE ARE DISCLAIMED.  IN NO EVENT SHALL MICROCHIP BE LIABLE FOR ANY DIRECT, INDIREC
      +                          T,
    41                           ; INCIDENTAL, SPECIAL, EXEMPLARY, OR CONSEQUENTIAL DAMAGES (INCLUDING BUT NOT LIMITED TO
    42                           ; PROCUREMENT OF SUBSTITUTE GOODS OR SERVICES; LOSS OF USE, DATA OR PROFITS; OR BUSINESS
    43                           ; INTERRUPTION) HOWSOEVER CAUSED AND ON ANY THEORY OF LIABILITY, WHETHER IN CONTRACT, ST
      +                          RICT
    44                           ; LIABILITY, OR TORT (INCLUDING NEGLIGENCE OR OTHERWISE) ARISING IN ANY WAY OUT OF THE U
      +                          SE OF
    45                           ; THIS SOFTWARE, EVEN IF ADVISED OF THE POSSIBILITY OF SUCH DAMAGE.
    46                           ; 
    47                           ; 
    48                           ; Code-generator required, PIC16F887 Definitions
    49                           ; 
    50                           ; SFR Addresses
    51  0000                     	;# 
    52  0001                     	;# 
    53  0002                     	;# 
    54  0003                     	;# 
    55  0004                     	;# 
    56  0005                     	;# 
    57  0006                     	;# 
    58  0007                     	;# 
    59  0008                     	;# 
    60  0009                     	;# 
    61  000A                     	;# 
    62  000B                     	;# 
    63  000C                     	;# 
    64  000D                     	;# 
    65  000E                     	;# 
    66  000E                     	;# 
    67  000F                     	;# 
    68  0010                     	;# 
    69  0011                     	;# 
    70  0012                     	;# 
    71  0013                     	;# 
    72  0014                     	;# 
    73  0015                     	;# 
    74  0015                     	;# 
    75  0016                     	;# 
    76  0017                     	;# 
    77  0018                     	;# 
    78  0019                     	;# 
    79  001A                     	;# 
    80  001B                     	;# 
    81  001B                     	;# 
    82  001C                     	;# 
    83  001D                     	;# 
    84  001E                     	;# 
    85  001F                     	;# 
    86  0081                     	;# 
    87  0085                     	;# 
    88  0086                     	;# 
    89  0087                     	;# 
    90  0088                     	;# 
    91  0089                     	;# 
    92  008C                     	;# 
    93  008D                     	;# 
    94  008E                     	;# 
    95  008F                     	;# 
    96  0090                     	;# 
    97  0091                     	;# 
    98  0092                     	;# 
    99  0093                     	;# 
   100  0093                     	;# 
   101  0093                     	;# 
   102  0094                     	;# 
   103  0095                     	;# 
   104  0096                     	;# 
   105  0097                     	;# 
   106  0098                     	;# 
   107  0099                     	;# 
   108  009A                     	;# 
   109  009B                     	;# 
   110  009C                     	;# 
   111  009D                     	;# 
   112  009E                     	;# 
   113  009F                     	;# 
   114  0105                     	;# 
   115  0107                     	;# 
   116  0108                     	;# 
   117  0109                     	;# 
   118  010C                     	;# 
   119  010C                     	;# 
   120  010D                     	;# 
   121  010E                     	;# 
   122  010F                     	;# 
   123  0185                     	;# 
   124  0187                     	;# 
   125  0188                     	;# 
   126  0189                     	;# 
   127  018C                     	;# 
   128  018D                     	;# 
   129  0000                     	;# 
   130  0001                     	;# 
   131  0002                     	;# 
   132  0003                     	;# 
   133  0004                     	;# 
   134  0005                     	;# 
   135  0006                     	;# 
   136  0007                     	;# 
   137  0008                     	;# 
   138  0009                     	;# 
   139  000A                     	;# 
   140  000B                     	;# 
   141  000C                     	;# 
   142  000D                     	;# 
   143  000E                     	;# 
   144  000E                     	;# 
   145  000F                     	;# 
   146  0010                     	;# 
   147  0011                     	;# 
   148  0012                     	;# 
   149  0013                     	;# 
   150  0014                     	;# 
   151  0015                     	;# 
   152  0015                     	;# 
   153  0016                     	;# 
   154  0017                     	;# 
   155  0018                     	;# 
   156  0019                     	;# 
   157  001A                     	;# 
   158  001B                     	;# 
   159  001B                     	;# 
   160  001C                     	;# 
   161  001D                     	;# 
   162  001E                     	;# 
   163  001F                     	;# 
   164  0081                     	;# 
   165  0085                     	;# 
   166  0086                     	;# 
   167  0087                     	;# 
   168  0088                     	;# 
   169  0089                     	;# 
   170  008C                     	;# 
   171  008D                     	;# 
   172  008E                     	;# 
   173  008F                     	;# 
   174  0090                     	;# 
   175  0091                     	;# 
   176  0092                     	;# 
   177  0093                     	;# 
   178  0093                     	;# 
   179  0093                     	;# 
   180  0094                     	;# 
   181  0095                     	;# 
   182  0096                     	;# 
   183  0097                     	;# 
   184  0098                     	;# 
   185  0099                     	;# 
   186  009A                     	;# 
   187  009B                     	;# 
   188  009C                     	;# 
   189  009D                     	;# 
   190  009E                     	;# 
   191  009F                     	;# 
   192  0105                     	;# 
   193  0107                     	;# 
   194  0108                     	;# 
   195  0109                     	;# 
   196  010C                     	;# 
   197  010C                     	;# 
   198  010D                     	;# 
   199  010E                     	;# 
   200  010F                     	;# 
   201  0185                     	;# 
   202  0187                     	;# 
   203  0188                     	;# 
   204  0189                     	;# 
   205  018C                     	;# 
   206  018D                     	;# 
   207  0000                     	;# 
   208  0001                     	;# 
   209  0002                     	;# 
   210  0003                     	;# 
   211  0004                     	;# 
   212  0005                     	;# 
   213  0006                     	;# 
   214  0007                     	;# 
   215  0008                     	;# 
   216  0009                     	;# 
   217  000A                     	;# 
   218  000B                     	;# 
   219  000C                     	;# 
   220  000D                     	;# 
   221  000E                     	;# 
   222  000E                     	;# 
   223  000F                     	;# 
   224  0010                     	;# 
   225  0011                     	;# 
   226  0012                     	;# 
   227  0013                     	;# 
   228  0014                     	;# 
   229  0015                     	;# 
   230  0015                     	;# 
   231  0016                     	;# 
   232  0017                     	;# 
   233  0018                     	;# 
   234  0019                     	;# 
   235  001A                     	;# 
   236  001B                     	;# 
   237  001B                     	;# 
   238  001C                     	;# 
   239  001D                     	;# 
   240  001E                     	;# 
   241  001F                     	;# 
   242  0081                     	;# 
   243  0085                     	;# 
   244  0086                     	;# 
   245  0087                     	;# 
   246  0088                     	;# 
   247  0089                     	;# 
   248  008C                     	;# 
   249  008D                     	;# 
   250  008E                     	;# 
   251  008F                     	;# 
   252  0090                     	;# 
   253  0091                     	;# 
   254  0092                     	;# 
   255  0093                     	;# 
   256  0093                     	;# 
   257  0093                     	;# 
   258  0094                     	;# 
   259  0095                     	;# 
   260  0096                     	;# 
   261  0097                     	;# 
   262  0098                     	;# 
   263  0099                     	;# 
   264  009A                     	;# 
   265  009B                     	;# 
   266  009C                     	;# 
   267  009D                     	;# 
   268  009E                     	;# 
   269  009F                     	;# 
   270  0105                     	;# 
   271  0107                     	;# 
   272  0108                     	;# 
   273  0109                     	;# 
   274  010C                     	;# 
   275  010C                     	;# 
   276  010D                     	;# 
   277  010E                     	;# 
   278  010F                     	;# 
   279  0185                     	;# 
   280  0187                     	;# 
   281  0188                     	;# 
   282  0189                     	;# 
   283  018C                     	;# 
   284  018D                     	;# 
   285  0000                     	;# 
   286  0001                     	;# 
   287  0002                     	;# 
   288  0003                     	;# 
   289  0004                     	;# 
   290  0005                     	;# 
   291  0006                     	;# 
   292  0007                     	;# 
   293  0008                     	;# 
   294  0009                     	;# 
   295  000A                     	;# 
   296  000B                     	;# 
   297  000C                     	;# 
   298  000D                     	;# 
   299  000E                     	;# 
   300  000E                     	;# 
   301  000F                     	;# 
   302  0010                     	;# 
   303  0011                     	;# 
   304  0012                     	;# 
   305  0013                     	;# 
   306  0014                     	;# 
   307  0015                     	;# 
   308  0015                     	;# 
   309  0016                     	;# 
   310  0017                     	;# 
   311  0018                     	;# 
   312  0019                     	;# 
   313  001A                     	;# 
   314  001B                     	;# 
   315  001B                     	;# 
   316  001C                     	;# 
   317  001D                     	;# 
   318  001E                     	;# 
   319  001F                     	;# 
   320  0081                     	;# 
   321  0085                     	;# 
   322  0086                     	;# 
   323  0087                     	;# 
   324  0088                     	;# 
   325  0089                     	;# 
   326  008C                     	;# 
   327  008D                     	;# 
   328  008E                     	;# 
   329  008F                     	;# 
   330  0090                     	;# 
   331  0091                     	;# 
   332  0092                     	;# 
   333  0093                     	;# 
   334  0093                     	;# 
   335  0093                     	;# 
   336  0094                     	;# 
   337  0095                     	;# 
   338  0096                     	;# 
   339  0097                     	;# 
   340  0098                     	;# 
   341  0099                     	;# 
   342  009A                     	;# 
   343  009B                     	;# 
   344  009C                     	;# 
   345  009D                     	;# 
   346  009E                     	;# 
   347  009F                     	;# 
   348  0105                     	;# 
   349  0107                     	;# 
   350  0108                     	;# 
   351  0109                     	;# 
   352  010C                     	;# 
   353  010C                     	;# 
   354  010D                     	;# 
   355  010E                     	;# 
   356  010F                     	;# 
   357  0185                     	;# 
   358  0187                     	;# 
   359  0188                     	;# 
   360  0189                     	;# 
   361  018C                     	;# 
   362  018D                     	;# 
   363  0014                     _SSPCON	set	20
   364  0009                     _PORTE	set	9
   365  0007                     _PORTC	set	7
   366  0006                     _PORTB	set	6
   367  0005                     _PORTA	set	5
   368  0006                     _PORTBbits	set	6
   369  0005                     _PORTAbits	set	5
   370  0008                     _PORTD	set	8
   371  0013                     _SSPBUF	set	19
   372  0014                     _SSPCONbits	set	20
   373  000C                     _PIR1bits	set	12
   374  0063                     _SSPIF	set	99
   375  005E                     _PEIE	set	94
   376  005F                     _GIE	set	95
   377  0091                     _SSPCON2bits	set	145
   378  0087                     _TRISCbits	set	135
   379  0094                     _SSPSTAT	set	148
   380  0093                     _SSPADD	set	147
   381  0091                     _SSPCON2	set	145
   382  0089                     _TRISE	set	137
   383  0088                     _TRISD	set	136
   384  0087                     _TRISC	set	135
   385  0086                     _TRISB	set	134
   386  0085                     _TRISA	set	133
   387  0094                     _SSPSTATbits	set	148
   388  008F                     _OSCCONbits	set	143
   389  0463                     _SSPIE	set	1123
   390  043C                     _TRISC4	set	1084
   391  043B                     _TRISC3	set	1083
   392  04A0                     _BF	set	1184
   393  0189                     _ANSELH	set	393
   394  0188                     _ANSEL	set	392
   395                           
   396                           ; #config settings
   397  0000                     
   398                           	psect	cinit
   399  000F                     start_initialization:	
   400  000F                     __initialization:	
   401                           
   402                           ; Clear objects allocated to COMMON
   403  000F  01F0               	clrf	__pbssCOMMON& (0+127)
   404  0010  01F1               	clrf	(__pbssCOMMON+1)& (0+127)
   405  0011  01F2               	clrf	(__pbssCOMMON+2)& (0+127)
   406  0012  01F3               	clrf	(__pbssCOMMON+3)& (0+127)
   407  0013  01F4               	clrf	(__pbssCOMMON+4)& (0+127)
   408  0014  01F5               	clrf	(__pbssCOMMON+5)& (0+127)
   409  0015  01F6               	clrf	(__pbssCOMMON+6)& (0+127)
   410                           
   411                           ; Clear objects allocated to BANK0
   412  0016  1283               	bcf	3,5	;RP0=0, select bank0
   413  0017  1303               	bcf	3,6	;RP1=0, select bank0
   414  0018  01A0               	clrf	__pbssBANK0& (0+127)
   415  0019  01A1               	clrf	(__pbssBANK0+1)& (0+127)
   416  001A  01A2               	clrf	(__pbssBANK0+2)& (0+127)
   417  001B                     end_of_initialization:	
   418                           ;End of C runtime variable initialization code
   419                           
   420  001B                     __end_of__initialization:	
   421  001B  0183               	clrf	3
   422  001C  120A  118A  281F   	ljmp	_main	;jump to C main() function
   423                           
   424                           	psect	bssCOMMON
   425  0070                     __pbssCOMMON:	
   426  0070                     _S7:	
   427  0070                     	ds	1
   428  0071                     _S6:	
   429  0071                     	ds	1
   430  0072                     _S5:	
   431  0072                     	ds	1
   432  0073                     _S4:	
   433  0073                     	ds	1
   434  0074                     _S3:	
   435  0074                     	ds	1
   436  0075                     _S2:	
   437  0075                     	ds	1
   438  0076                     _S1:	
   439  0076                     	ds	1
   440                           
   441                           	psect	bssBANK0
   442  0020                     __pbssBANK0:	
   443  0020                     _S8:	
   444  0020                     	ds	1
   445  0021                     _z:	
   446  0021                     	ds	1
   447  0022                     _vehiculos:	
   448  0022                     	ds	1
   449                           
   450                           	psect	cstackCOMMON
   451  0077                     __pcstackCOMMON:	
   452  0077                     ?_setup:	
   453  0077                     ?_I2C_Slave_Init:	
   454                           ; 1 bytes @ 0x0
   455                           
   456  0077                     ?_initOsc:	
   457                           ; 1 bytes @ 0x0
   458                           
   459  0077                     ?_isr:	
   460                           ; 1 bytes @ 0x0
   461                           
   462  0077                     ??_isr:	
   463                           ; 1 bytes @ 0x0
   464                           
   465  0077                     ?_main:	
   466                           ; 1 bytes @ 0x0
   467                           
   468                           
   469                           ; 1 bytes @ 0x0
   470  0077                     	ds	3
   471  007A                     ??_I2C_Slave_Init:	
   472  007A                     initOsc@frec:	
   473                           ; 1 bytes @ 0x3
   474                           
   475  007A                     I2C_Slave_Init@address:	
   476                           ; 1 bytes @ 0x3
   477                           
   478                           
   479                           ; 1 bytes @ 0x3
   480  007A                     	ds	1
   481  007B                     ??_setup:	
   482                           
   483                           	psect	cstackBANK0
   484  0023                     __pcstackBANK0:	
   485                           ; 1 bytes @ 0x4
   486                           
   487  0023                     ??_initOsc:	
   488                           
   489                           ; 1 bytes @ 0x0
   490  0023                     	ds	2
   491  0025                     ??_main:	
   492                           
   493                           ; 1 bytes @ 0x2
   494  0025                     	ds	1
   495                           
   496                           	psect	maintext
   497  001F                     __pmaintext:	
   498 ;;
   499 ;;Main: autosize = 0, tempsize = 1, incstack = 0, save=0
   500 ;;
   501 ;; *************** function _main *****************
   502 ;; Defined at:
   503 ;;		line 85 in file "sensor_deteccion.c"
   504 ;; Parameters:    Size  Location     Type
   505 ;;		None
   506 ;; Auto vars:     Size  Location     Type
   507 ;;		None
   508 ;; Return value:  Size  Location     Type
   509 ;;                  1    wreg      void 
   510 ;; Registers used:
   511 ;;		wreg, fsr0l, fsr0h, status,2, status,0, pclath, cstack
   512 ;; Tracked objects:
   513 ;;		On entry : B00/0
   514 ;;		On exit  : 0/0
   515 ;;		Unchanged: 0/0
   516 ;; Data sizes:     COMMON   BANK0   BANK1   BANK3   BANK2
   517 ;;      Params:         0       0       0       0       0
   518 ;;      Locals:         0       0       0       0       0
   519 ;;      Temps:          0       1       0       0       0
   520 ;;      Totals:         0       1       0       0       0
   521 ;;Total ram usage:        1 bytes
   522 ;; Hardware stack levels required when called:    3
   523 ;; This function calls:
   524 ;;		_initOsc
   525 ;;		_setup
   526 ;; This function is called by:
   527 ;;		Startup code after reset
   528 ;; This function uses a non-reentrant model
   529 ;;
   530                           
   531                           
   532                           ;psect for function _main
   533  001F                     _main:	
   534  001F                     l1328:	
   535                           ;incstack = 0
   536                           ; Regs used in _main: [wreg-fsr0h+status,2+status,0+pclath+cstack]
   537                           
   538                           
   539                           ;sensor_deteccion.c: 86:     initOsc(7);
   540  001F  3007               	movlw	7
   541  0020  120A  118A  2179  120A  118A  	fcall	_initOsc
   542  0025                     l1330:	
   543                           
   544                           ;sensor_deteccion.c: 87:     setup();
   545  0025  120A  118A  21D7  120A  118A  	fcall	_setup
   546  002A                     l1332:	
   547                           
   548                           ;sensor_deteccion.c: 90:         if(PORTAbits.RA0==1 && S1==0){
   549  002A  1283               	bcf	3,5	;RP0=0, select bank0
   550  002B  1303               	bcf	3,6	;RP1=0, select bank0
   551  002C  1C05               	btfss	5,0	;volatile
   552  002D  282F               	goto	u871
   553  002E  2830               	goto	u870
   554  002F                     u871:	
   555  002F  283C               	goto	l1342
   556  0030                     u870:	
   557  0030                     l1334:	
   558  0030  0876               	movf	_S1,w
   559  0031  1D03               	btfss	3,2
   560  0032  2834               	goto	u881
   561  0033  2835               	goto	u880
   562  0034                     u881:	
   563  0034  283C               	goto	l1342
   564  0035                     u880:	
   565  0035                     l1336:	
   566                           
   567                           ;sensor_deteccion.c: 91:             vehiculos++;
   568  0035  3001               	movlw	1
   569  0036  00A5               	movwf	??_main
   570  0037  0825               	movf	??_main,w
   571  0038  07A2               	addwf	_vehiculos,f
   572  0039                     l1338:	
   573                           
   574                           ;sensor_deteccion.c: 92:             S1= 1;
   575  0039  01F6               	clrf	_S1
   576  003A  0AF6               	incf	_S1,f
   577  003B                     l1340:	
   578                           
   579                           ;sensor_deteccion.c: 93:             PORTBbits.RB0=1;
   580  003B  1406               	bsf	6,0	;volatile
   581  003C                     l1342:	
   582                           
   583                           ;sensor_deteccion.c: 95:         if(PORTAbits.RA0==0 && S1==1){
   584  003C  1805               	btfsc	5,0	;volatile
   585  003D  283F               	goto	u891
   586  003E  2840               	goto	u890
   587  003F                     u891:	
   588  003F  2849               	goto	l1352
   589  0040                     u890:	
   590  0040                     l1344:	
   591  0040  0376               	decf	_S1,w
   592  0041  1D03               	btfss	3,2
   593  0042  2844               	goto	u901
   594  0043  2845               	goto	u900
   595  0044                     u901:	
   596  0044  2849               	goto	l1352
   597  0045                     u900:	
   598  0045                     l1346:	
   599                           
   600                           ;sensor_deteccion.c: 96:             vehiculos--;
   601  0045  3001               	movlw	1
   602  0046  02A2               	subwf	_vehiculos,f
   603  0047                     l1348:	
   604                           
   605                           ;sensor_deteccion.c: 97:             S1=0;
   606  0047  01F6               	clrf	_S1
   607  0048                     l1350:	
   608                           
   609                           ;sensor_deteccion.c: 98:             PORTBbits.RB0 = 0;
   610  0048  1006               	bcf	6,0	;volatile
   611  0049                     l1352:	
   612                           
   613                           ;sensor_deteccion.c: 100:         if(PORTAbits.RA1==1 && S2==0){
   614  0049  1C85               	btfss	5,1	;volatile
   615  004A  284C               	goto	u911
   616  004B  284D               	goto	u910
   617  004C                     u911:	
   618  004C  2859               	goto	l1362
   619  004D                     u910:	
   620  004D                     l1354:	
   621  004D  0875               	movf	_S2,w
   622  004E  1D03               	btfss	3,2
   623  004F  2851               	goto	u921
   624  0050  2852               	goto	u920
   625  0051                     u921:	
   626  0051  2859               	goto	l1362
   627  0052                     u920:	
   628  0052                     l1356:	
   629                           
   630                           ;sensor_deteccion.c: 101:             vehiculos++;
   631  0052  3001               	movlw	1
   632  0053  00A5               	movwf	??_main
   633  0054  0825               	movf	??_main,w
   634  0055  07A2               	addwf	_vehiculos,f
   635  0056                     l1358:	
   636                           
   637                           ;sensor_deteccion.c: 102:             S2= 1;
   638  0056  01F5               	clrf	_S2
   639  0057  0AF5               	incf	_S2,f
   640  0058                     l1360:	
   641                           
   642                           ;sensor_deteccion.c: 103:             PORTBbits.RB1=1;
   643  0058  1486               	bsf	6,1	;volatile
   644  0059                     l1362:	
   645                           
   646                           ;sensor_deteccion.c: 105:         if(PORTAbits.RA1==0 && S2==1){
   647  0059  1885               	btfsc	5,1	;volatile
   648  005A  285C               	goto	u931
   649  005B  285D               	goto	u930
   650  005C                     u931:	
   651  005C  2866               	goto	l1372
   652  005D                     u930:	
   653  005D                     l1364:	
   654  005D  0375               	decf	_S2,w
   655  005E  1D03               	btfss	3,2
   656  005F  2861               	goto	u941
   657  0060  2862               	goto	u940
   658  0061                     u941:	
   659  0061  2866               	goto	l1372
   660  0062                     u940:	
   661  0062                     l1366:	
   662                           
   663                           ;sensor_deteccion.c: 106:             vehiculos--;
   664  0062  3001               	movlw	1
   665  0063  02A2               	subwf	_vehiculos,f
   666  0064                     l1368:	
   667                           
   668                           ;sensor_deteccion.c: 107:             S2=0;
   669  0064  01F5               	clrf	_S2
   670  0065                     l1370:	
   671                           
   672                           ;sensor_deteccion.c: 108:             PORTBbits.RB1 = 0;
   673  0065  1086               	bcf	6,1	;volatile
   674  0066                     l1372:	
   675                           
   676                           ;sensor_deteccion.c: 110:         if(PORTAbits.RA2==1 && S3==0){
   677  0066  1D05               	btfss	5,2	;volatile
   678  0067  2869               	goto	u951
   679  0068  286A               	goto	u950
   680  0069                     u951:	
   681  0069  2876               	goto	l1382
   682  006A                     u950:	
   683  006A                     l1374:	
   684  006A  0874               	movf	_S3,w
   685  006B  1D03               	btfss	3,2
   686  006C  286E               	goto	u961
   687  006D  286F               	goto	u960
   688  006E                     u961:	
   689  006E  2876               	goto	l1382
   690  006F                     u960:	
   691  006F                     l1376:	
   692                           
   693                           ;sensor_deteccion.c: 111:             vehiculos++;
   694  006F  3001               	movlw	1
   695  0070  00A5               	movwf	??_main
   696  0071  0825               	movf	??_main,w
   697  0072  07A2               	addwf	_vehiculos,f
   698  0073                     l1378:	
   699                           
   700                           ;sensor_deteccion.c: 112:             S3= 1;
   701  0073  01F4               	clrf	_S3
   702  0074  0AF4               	incf	_S3,f
   703  0075                     l1380:	
   704                           
   705                           ;sensor_deteccion.c: 113:             PORTBbits.RB2=1;
   706  0075  1506               	bsf	6,2	;volatile
   707  0076                     l1382:	
   708                           
   709                           ;sensor_deteccion.c: 115:         if(PORTAbits.RA2==0 && S3==1){
   710  0076  1905               	btfsc	5,2	;volatile
   711  0077  2879               	goto	u971
   712  0078  287A               	goto	u970
   713  0079                     u971:	
   714  0079  2883               	goto	l1392
   715  007A                     u970:	
   716  007A                     l1384:	
   717  007A  0374               	decf	_S3,w
   718  007B  1D03               	btfss	3,2
   719  007C  287E               	goto	u981
   720  007D  287F               	goto	u980
   721  007E                     u981:	
   722  007E  2883               	goto	l1392
   723  007F                     u980:	
   724  007F                     l1386:	
   725                           
   726                           ;sensor_deteccion.c: 116:             vehiculos--;
   727  007F  3001               	movlw	1
   728  0080  02A2               	subwf	_vehiculos,f
   729  0081                     l1388:	
   730                           
   731                           ;sensor_deteccion.c: 117:             S3=0;
   732  0081  01F4               	clrf	_S3
   733  0082                     l1390:	
   734                           
   735                           ;sensor_deteccion.c: 118:             PORTBbits.RB2 = 0;
   736  0082  1106               	bcf	6,2	;volatile
   737  0083                     l1392:	
   738                           
   739                           ;sensor_deteccion.c: 120:         if(PORTAbits.RA3==1 && S4==0){
   740  0083  1D85               	btfss	5,3	;volatile
   741  0084  2886               	goto	u991
   742  0085  2887               	goto	u990
   743  0086                     u991:	
   744  0086  2893               	goto	l1402
   745  0087                     u990:	
   746  0087                     l1394:	
   747  0087  0873               	movf	_S4,w
   748  0088  1D03               	btfss	3,2
   749  0089  288B               	goto	u1001
   750  008A  288C               	goto	u1000
   751  008B                     u1001:	
   752  008B  2893               	goto	l1402
   753  008C                     u1000:	
   754  008C                     l1396:	
   755                           
   756                           ;sensor_deteccion.c: 121:             vehiculos++;
   757  008C  3001               	movlw	1
   758  008D  00A5               	movwf	??_main
   759  008E  0825               	movf	??_main,w
   760  008F  07A2               	addwf	_vehiculos,f
   761  0090                     l1398:	
   762                           
   763                           ;sensor_deteccion.c: 122:             S4= 1;
   764  0090  01F3               	clrf	_S4
   765  0091  0AF3               	incf	_S4,f
   766  0092                     l1400:	
   767                           
   768                           ;sensor_deteccion.c: 123:             PORTBbits.RB3=1;
   769  0092  1586               	bsf	6,3	;volatile
   770  0093                     l1402:	
   771                           
   772                           ;sensor_deteccion.c: 125:         if(PORTAbits.RA3==0 && S4==1){
   773  0093  1985               	btfsc	5,3	;volatile
   774  0094  2896               	goto	u1011
   775  0095  2897               	goto	u1010
   776  0096                     u1011:	
   777  0096  28A0               	goto	l1412
   778  0097                     u1010:	
   779  0097                     l1404:	
   780  0097  0373               	decf	_S4,w
   781  0098  1D03               	btfss	3,2
   782  0099  289B               	goto	u1021
   783  009A  289C               	goto	u1020
   784  009B                     u1021:	
   785  009B  28A0               	goto	l1412
   786  009C                     u1020:	
   787  009C                     l1406:	
   788                           
   789                           ;sensor_deteccion.c: 126:             vehiculos--;
   790  009C  3001               	movlw	1
   791  009D  02A2               	subwf	_vehiculos,f
   792  009E                     l1408:	
   793                           
   794                           ;sensor_deteccion.c: 127:             S4=0;
   795  009E  01F3               	clrf	_S4
   796  009F                     l1410:	
   797                           
   798                           ;sensor_deteccion.c: 128:             PORTBbits.RB3 = 0;
   799  009F  1186               	bcf	6,3	;volatile
   800  00A0                     l1412:	
   801                           
   802                           ;sensor_deteccion.c: 130:         if(PORTAbits.RA4==1 && S5==0){
   803  00A0  1E05               	btfss	5,4	;volatile
   804  00A1  28A3               	goto	u1031
   805  00A2  28A4               	goto	u1030
   806  00A3                     u1031:	
   807  00A3  28B0               	goto	l1422
   808  00A4                     u1030:	
   809  00A4                     l1414:	
   810  00A4  0872               	movf	_S5,w
   811  00A5  1D03               	btfss	3,2
   812  00A6  28A8               	goto	u1041
   813  00A7  28A9               	goto	u1040
   814  00A8                     u1041:	
   815  00A8  28B0               	goto	l1422
   816  00A9                     u1040:	
   817  00A9                     l1416:	
   818                           
   819                           ;sensor_deteccion.c: 131:             vehiculos++;
   820  00A9  3001               	movlw	1
   821  00AA  00A5               	movwf	??_main
   822  00AB  0825               	movf	??_main,w
   823  00AC  07A2               	addwf	_vehiculos,f
   824  00AD                     l1418:	
   825                           
   826                           ;sensor_deteccion.c: 132:             S5= 1;
   827  00AD  01F2               	clrf	_S5
   828  00AE  0AF2               	incf	_S5,f
   829  00AF                     l1420:	
   830                           
   831                           ;sensor_deteccion.c: 133:             PORTBbits.RB4=1;
   832  00AF  1606               	bsf	6,4	;volatile
   833  00B0                     l1422:	
   834                           
   835                           ;sensor_deteccion.c: 135:         if(PORTAbits.RA4==0 && S5==1){
   836  00B0  1A05               	btfsc	5,4	;volatile
   837  00B1  28B3               	goto	u1051
   838  00B2  28B4               	goto	u1050
   839  00B3                     u1051:	
   840  00B3  28BD               	goto	l1432
   841  00B4                     u1050:	
   842  00B4                     l1424:	
   843  00B4  0372               	decf	_S5,w
   844  00B5  1D03               	btfss	3,2
   845  00B6  28B8               	goto	u1061
   846  00B7  28B9               	goto	u1060
   847  00B8                     u1061:	
   848  00B8  28BD               	goto	l1432
   849  00B9                     u1060:	
   850  00B9                     l1426:	
   851                           
   852                           ;sensor_deteccion.c: 136:             vehiculos--;
   853  00B9  3001               	movlw	1
   854  00BA  02A2               	subwf	_vehiculos,f
   855  00BB                     l1428:	
   856                           
   857                           ;sensor_deteccion.c: 137:             S5=0;
   858  00BB  01F2               	clrf	_S5
   859  00BC                     l1430:	
   860                           
   861                           ;sensor_deteccion.c: 138:             PORTBbits.RB4 = 0;
   862  00BC  1206               	bcf	6,4	;volatile
   863  00BD                     l1432:	
   864                           
   865                           ;sensor_deteccion.c: 140:         if(PORTAbits.RA5==1 && S6==0){
   866  00BD  1E85               	btfss	5,5	;volatile
   867  00BE  28C0               	goto	u1071
   868  00BF  28C1               	goto	u1070
   869  00C0                     u1071:	
   870  00C0  28CD               	goto	l1442
   871  00C1                     u1070:	
   872  00C1                     l1434:	
   873  00C1  0871               	movf	_S6,w
   874  00C2  1D03               	btfss	3,2
   875  00C3  28C5               	goto	u1081
   876  00C4  28C6               	goto	u1080
   877  00C5                     u1081:	
   878  00C5  28CD               	goto	l1442
   879  00C6                     u1080:	
   880  00C6                     l1436:	
   881                           
   882                           ;sensor_deteccion.c: 141:             vehiculos++;
   883  00C6  3001               	movlw	1
   884  00C7  00A5               	movwf	??_main
   885  00C8  0825               	movf	??_main,w
   886  00C9  07A2               	addwf	_vehiculos,f
   887  00CA                     l1438:	
   888                           
   889                           ;sensor_deteccion.c: 142:             S6= 1;
   890  00CA  01F1               	clrf	_S6
   891  00CB  0AF1               	incf	_S6,f
   892  00CC                     l1440:	
   893                           
   894                           ;sensor_deteccion.c: 143:             PORTBbits.RB5=1;
   895  00CC  1686               	bsf	6,5	;volatile
   896  00CD                     l1442:	
   897                           
   898                           ;sensor_deteccion.c: 145:         if(PORTAbits.RA5==0 && S6==1){
   899  00CD  1A85               	btfsc	5,5	;volatile
   900  00CE  28D0               	goto	u1091
   901  00CF  28D1               	goto	u1090
   902  00D0                     u1091:	
   903  00D0  28DA               	goto	l1452
   904  00D1                     u1090:	
   905  00D1                     l1444:	
   906  00D1  0371               	decf	_S6,w
   907  00D2  1D03               	btfss	3,2
   908  00D3  28D5               	goto	u1101
   909  00D4  28D6               	goto	u1100
   910  00D5                     u1101:	
   911  00D5  28DA               	goto	l1452
   912  00D6                     u1100:	
   913  00D6                     l1446:	
   914                           
   915                           ;sensor_deteccion.c: 146:             vehiculos--;
   916  00D6  3001               	movlw	1
   917  00D7  02A2               	subwf	_vehiculos,f
   918  00D8                     l1448:	
   919                           
   920                           ;sensor_deteccion.c: 147:             S6=0;
   921  00D8  01F1               	clrf	_S6
   922  00D9                     l1450:	
   923                           
   924                           ;sensor_deteccion.c: 148:             PORTBbits.RB5 = 0;
   925  00D9  1286               	bcf	6,5	;volatile
   926  00DA                     l1452:	
   927                           
   928                           ;sensor_deteccion.c: 150:         if(PORTAbits.RA6==1 && S7==0){
   929  00DA  1F05               	btfss	5,6	;volatile
   930  00DB  28DD               	goto	u1111
   931  00DC  28DE               	goto	u1110
   932  00DD                     u1111:	
   933  00DD  28EA               	goto	l1462
   934  00DE                     u1110:	
   935  00DE                     l1454:	
   936  00DE  0870               	movf	_S7,w
   937  00DF  1D03               	btfss	3,2
   938  00E0  28E2               	goto	u1121
   939  00E1  28E3               	goto	u1120
   940  00E2                     u1121:	
   941  00E2  28EA               	goto	l1462
   942  00E3                     u1120:	
   943  00E3                     l1456:	
   944                           
   945                           ;sensor_deteccion.c: 151:             vehiculos++;
   946  00E3  3001               	movlw	1
   947  00E4  00A5               	movwf	??_main
   948  00E5  0825               	movf	??_main,w
   949  00E6  07A2               	addwf	_vehiculos,f
   950  00E7                     l1458:	
   951                           
   952                           ;sensor_deteccion.c: 152:             S7= 1;
   953  00E7  01F0               	clrf	_S7
   954  00E8  0AF0               	incf	_S7,f
   955  00E9                     l1460:	
   956                           
   957                           ;sensor_deteccion.c: 153:             PORTBbits.RB6=1;
   958  00E9  1706               	bsf	6,6	;volatile
   959  00EA                     l1462:	
   960                           
   961                           ;sensor_deteccion.c: 155:         if(PORTAbits.RA6==0 && S7==1){
   962  00EA  1B05               	btfsc	5,6	;volatile
   963  00EB  28ED               	goto	u1131
   964  00EC  28EE               	goto	u1130
   965  00ED                     u1131:	
   966  00ED  28F7               	goto	l1472
   967  00EE                     u1130:	
   968  00EE                     l1464:	
   969  00EE  0370               	decf	_S7,w
   970  00EF  1D03               	btfss	3,2
   971  00F0  28F2               	goto	u1141
   972  00F1  28F3               	goto	u1140
   973  00F2                     u1141:	
   974  00F2  28F7               	goto	l1472
   975  00F3                     u1140:	
   976  00F3                     l1466:	
   977                           
   978                           ;sensor_deteccion.c: 156:             vehiculos--;
   979  00F3  3001               	movlw	1
   980  00F4  02A2               	subwf	_vehiculos,f
   981  00F5                     l1468:	
   982                           
   983                           ;sensor_deteccion.c: 157:             S7=0;
   984  00F5  01F0               	clrf	_S7
   985  00F6                     l1470:	
   986                           
   987                           ;sensor_deteccion.c: 158:             PORTBbits.RB6 = 0;
   988  00F6  1306               	bcf	6,6	;volatile
   989  00F7                     l1472:	
   990                           
   991                           ;sensor_deteccion.c: 160:         if(PORTAbits.RA7==1 && S8==0){
   992  00F7  1F85               	btfss	5,7	;volatile
   993  00F8  28FA               	goto	u1151
   994  00F9  28FB               	goto	u1150
   995  00FA                     u1151:	
   996  00FA  2907               	goto	l1482
   997  00FB                     u1150:	
   998  00FB                     l1474:	
   999  00FB  0820               	movf	_S8,w
  1000  00FC  1D03               	btfss	3,2
  1001  00FD  28FF               	goto	u1161
  1002  00FE  2900               	goto	u1160
  1003  00FF                     u1161:	
  1004  00FF  2907               	goto	l1482
  1005  0100                     u1160:	
  1006  0100                     l1476:	
  1007                           
  1008                           ;sensor_deteccion.c: 161:             vehiculos++;
  1009  0100  3001               	movlw	1
  1010  0101  00A5               	movwf	??_main
  1011  0102  0825               	movf	??_main,w
  1012  0103  07A2               	addwf	_vehiculos,f
  1013  0104                     l1478:	
  1014                           
  1015                           ;sensor_deteccion.c: 162:             S8= 1;
  1016  0104  01A0               	clrf	_S8
  1017  0105  0AA0               	incf	_S8,f
  1018  0106                     l1480:	
  1019                           
  1020                           ;sensor_deteccion.c: 163:             PORTBbits.RB7=1;
  1021  0106  1786               	bsf	6,7	;volatile
  1022  0107                     l1482:	
  1023                           
  1024                           ;sensor_deteccion.c: 165:         if(PORTAbits.RA7==0 && S8==1){
  1025  0107  1B85               	btfsc	5,7	;volatile
  1026  0108  290A               	goto	u1171
  1027  0109  290B               	goto	u1170
  1028  010A                     u1171:	
  1029  010A  282A               	goto	l1332
  1030  010B                     u1170:	
  1031  010B                     l1484:	
  1032  010B  0320               	decf	_S8,w
  1033  010C  1D03               	btfss	3,2
  1034  010D  290F               	goto	u1181
  1035  010E  2910               	goto	u1180
  1036  010F                     u1181:	
  1037  010F  282A               	goto	l1332
  1038  0110                     u1180:	
  1039  0110                     l1486:	
  1040                           
  1041                           ;sensor_deteccion.c: 166:             vehiculos--;
  1042  0110  3001               	movlw	1
  1043  0111  02A2               	subwf	_vehiculos,f
  1044  0112                     l1488:	
  1045                           
  1046                           ;sensor_deteccion.c: 167:             S8=0;
  1047  0112  01A0               	clrf	_S8
  1048  0113                     l1490:	
  1049                           
  1050                           ;sensor_deteccion.c: 168:             PORTBbits.RB7 = 0;
  1051  0113  1386               	bcf	6,7	;volatile
  1052  0114  282A               	goto	l1332
  1053  0115  120A  118A  280C   	ljmp	start
  1054  0118                     __end_of_main:	
  1055                           
  1056                           	psect	text1
  1057  01D7                     __ptext1:	
  1058 ;; *************** function _setup *****************
  1059 ;; Defined at:
  1060 ;;		line 173 in file "sensor_deteccion.c"
  1061 ;; Parameters:    Size  Location     Type
  1062 ;;		None
  1063 ;; Auto vars:     Size  Location     Type
  1064 ;;		None
  1065 ;; Return value:  Size  Location     Type
  1066 ;;                  1    wreg      void 
  1067 ;; Registers used:
  1068 ;;		wreg, status,2, status,0, pclath, cstack
  1069 ;; Tracked objects:
  1070 ;;		On entry : 0/0
  1071 ;;		On exit  : 0/0
  1072 ;;		Unchanged: 0/0
  1073 ;; Data sizes:     COMMON   BANK0   BANK1   BANK3   BANK2
  1074 ;;      Params:         0       0       0       0       0
  1075 ;;      Locals:         0       0       0       0       0
  1076 ;;      Temps:          0       0       0       0       0
  1077 ;;      Totals:         0       0       0       0       0
  1078 ;;Total ram usage:        0 bytes
  1079 ;; Hardware stack levels used:    1
  1080 ;; Hardware stack levels required when called:    2
  1081 ;; This function calls:
  1082 ;;		_I2C_Slave_Init
  1083 ;; This function is called by:
  1084 ;;		_main
  1085 ;; This function uses a non-reentrant model
  1086 ;;
  1087                           
  1088                           
  1089                           ;psect for function _setup
  1090  01D7                     _setup:	
  1091  01D7                     l1092:	
  1092                           ;incstack = 0
  1093                           ; Regs used in _setup: [wreg+status,2+status,0+pclath+cstack]
  1094                           
  1095                           
  1096                           ;sensor_deteccion.c: 174:     TRISA=0b11111111;
  1097  01D7  30FF               	movlw	255
  1098  01D8  1683               	bsf	3,5	;RP0=1, select bank1
  1099  01D9  1303               	bcf	3,6	;RP1=0, select bank1
  1100  01DA  0085               	movwf	5	;volatile
  1101  01DB                     l1094:	
  1102                           
  1103                           ;sensor_deteccion.c: 175:     TRISB=0;
  1104  01DB  0186               	clrf	6	;volatile
  1105  01DC                     l1096:	
  1106                           
  1107                           ;sensor_deteccion.c: 176:     TRISC=0b00011000;
  1108  01DC  3018               	movlw	24
  1109  01DD  0087               	movwf	7	;volatile
  1110                           
  1111                           ;sensor_deteccion.c: 177:     TRISD=0;
  1112  01DE  0188               	clrf	8	;volatile
  1113                           
  1114                           ;sensor_deteccion.c: 178:     TRISE=0;
  1115  01DF  0189               	clrf	9	;volatile
  1116                           
  1117                           ;sensor_deteccion.c: 179:     ANSEL=0;
  1118  01E0  1683               	bsf	3,5	;RP0=1, select bank3
  1119  01E1  1703               	bsf	3,6	;RP1=1, select bank3
  1120  01E2  0188               	clrf	8	;volatile
  1121                           
  1122                           ;sensor_deteccion.c: 180:     ANSELH=0;
  1123  01E3  0189               	clrf	9	;volatile
  1124                           
  1125                           ;sensor_deteccion.c: 182:     PORTA=0;
  1126  01E4  1283               	bcf	3,5	;RP0=0, select bank0
  1127  01E5  1303               	bcf	3,6	;RP1=0, select bank0
  1128  01E6  0185               	clrf	5	;volatile
  1129                           
  1130                           ;sensor_deteccion.c: 183:     PORTB=0;
  1131  01E7  0186               	clrf	6	;volatile
  1132                           
  1133                           ;sensor_deteccion.c: 184:     PORTC=0;
  1134  01E8  0187               	clrf	7	;volatile
  1135                           
  1136                           ;sensor_deteccion.c: 185:     PORTD=0;
  1137  01E9  0188               	clrf	8	;volatile
  1138                           
  1139                           ;sensor_deteccion.c: 186:     PORTE=0;
  1140  01EA  0189               	clrf	9	;volatile
  1141  01EB                     l1098:	
  1142                           
  1143                           ;sensor_deteccion.c: 187:     I2C_Slave_Init(0x10);
  1144  01EB  3010               	movlw	16
  1145  01EC  120A  118A  21F2  120A  118A  	fcall	_I2C_Slave_Init
  1146  01F1                     l127:	
  1147  01F1  0008               	return
  1148  01F2                     __end_of_setup:	
  1149                           
  1150                           	psect	text2
  1151  01F2                     __ptext2:	
  1152 ;; *************** function _I2C_Slave_Init *****************
  1153 ;; Defined at:
  1154 ;;		line 76 in file "I2C_SLAVE3.c"
  1155 ;; Parameters:    Size  Location     Type
  1156 ;;  address         1    wreg     unsigned char 
  1157 ;; Auto vars:     Size  Location     Type
  1158 ;;  address         1    3[COMMON] unsigned char 
  1159 ;; Return value:  Size  Location     Type
  1160 ;;                  1    wreg      void 
  1161 ;; Registers used:
  1162 ;;		wreg
  1163 ;; Tracked objects:
  1164 ;;		On entry : 0/0
  1165 ;;		On exit  : 0/0
  1166 ;;		Unchanged: 0/0
  1167 ;; Data sizes:     COMMON   BANK0   BANK1   BANK3   BANK2
  1168 ;;      Params:         0       0       0       0       0
  1169 ;;      Locals:         1       0       0       0       0
  1170 ;;      Temps:          0       0       0       0       0
  1171 ;;      Totals:         1       0       0       0       0
  1172 ;;Total ram usage:        1 bytes
  1173 ;; Hardware stack levels used:    1
  1174 ;; Hardware stack levels required when called:    1
  1175 ;; This function calls:
  1176 ;;		Nothing
  1177 ;; This function is called by:
  1178 ;;		_setup
  1179 ;; This function uses a non-reentrant model
  1180 ;;
  1181                           
  1182                           
  1183                           ;psect for function _I2C_Slave_Init
  1184  01F2                     _I2C_Slave_Init:	
  1185                           
  1186                           ;incstack = 0
  1187                           ; Regs used in _I2C_Slave_Init: [wreg]
  1188                           ;I2C_Slave_Init@address stored from wreg
  1189  01F2  00FA               	movwf	I2C_Slave_Init@address
  1190  01F3                     l1068:	
  1191                           
  1192                           ;I2C_SLAVE3.c: 77:     SSPADD = address;
  1193  01F3  087A               	movf	I2C_Slave_Init@address,w
  1194  01F4  1683               	bsf	3,5	;RP0=1, select bank1
  1195  01F5  1303               	bcf	3,6	;RP1=0, select bank1
  1196  01F6  0093               	movwf	19	;volatile
  1197                           
  1198                           ;I2C_SLAVE3.c: 78:     SSPCON = 0x36;
  1199  01F7  3036               	movlw	54
  1200  01F8  1283               	bcf	3,5	;RP0=0, select bank0
  1201  01F9  1303               	bcf	3,6	;RP1=0, select bank0
  1202  01FA  0094               	movwf	20	;volatile
  1203                           
  1204                           ;I2C_SLAVE3.c: 79:     SSPSTAT = 0x80;
  1205  01FB  3080               	movlw	128
  1206  01FC  1683               	bsf	3,5	;RP0=1, select bank1
  1207  01FD  1303               	bcf	3,6	;RP1=0, select bank1
  1208  01FE  0094               	movwf	20	;volatile
  1209                           
  1210                           ;I2C_SLAVE3.c: 80:     SSPCON2 = 0x01;
  1211  01FF  3001               	movlw	1
  1212  0200  0091               	movwf	17	;volatile
  1213  0201                     l1070:	
  1214                           
  1215                           ;I2C_SLAVE3.c: 81:     TRISC3 = 1;
  1216  0201  1587               	bsf	7,3	;volatile
  1217  0202                     l1072:	
  1218                           
  1219                           ;I2C_SLAVE3.c: 82:     TRISC4 = 1;
  1220  0202  1607               	bsf	7,4	;volatile
  1221  0203                     l1074:	
  1222                           
  1223                           ;I2C_SLAVE3.c: 83:     GIE = 1;
  1224  0203  178B               	bsf	11,7	;volatile
  1225  0204                     l1076:	
  1226                           
  1227                           ;I2C_SLAVE3.c: 84:     PEIE = 1;
  1228  0204  170B               	bsf	11,6	;volatile
  1229  0205                     l1078:	
  1230                           
  1231                           ;I2C_SLAVE3.c: 85:     SSPIF = 0;
  1232  0205  1283               	bcf	3,5	;RP0=0, select bank0
  1233  0206  1303               	bcf	3,6	;RP1=0, select bank0
  1234  0207  118C               	bcf	12,3	;volatile
  1235  0208                     l1080:	
  1236                           
  1237                           ;I2C_SLAVE3.c: 86:     SSPIE = 1;
  1238  0208  1683               	bsf	3,5	;RP0=1, select bank1
  1239  0209  1303               	bcf	3,6	;RP1=0, select bank1
  1240  020A  158C               	bsf	12,3	;volatile
  1241  020B                     l182:	
  1242  020B  0008               	return
  1243  020C                     __end_of_I2C_Slave_Init:	
  1244                           
  1245                           	psect	text3
  1246  0179                     __ptext3:	
  1247 ;; *************** function _initOsc *****************
  1248 ;; Defined at:
  1249 ;;		line 9 in file "OSCILADOR.c"
  1250 ;; Parameters:    Size  Location     Type
  1251 ;;  frec            1    wreg     unsigned char 
  1252 ;; Auto vars:     Size  Location     Type
  1253 ;;  frec            1    3[COMMON] unsigned char 
  1254 ;; Return value:  Size  Location     Type
  1255 ;;                  1    wreg      void 
  1256 ;; Registers used:
  1257 ;;		wreg, fsr0l, fsr0h, status,2, status,0
  1258 ;; Tracked objects:
  1259 ;;		On entry : 0/0
  1260 ;;		On exit  : 0/0
  1261 ;;		Unchanged: 0/0
  1262 ;; Data sizes:     COMMON   BANK0   BANK1   BANK3   BANK2
  1263 ;;      Params:         0       0       0       0       0
  1264 ;;      Locals:         1       0       0       0       0
  1265 ;;      Temps:          0       2       0       0       0
  1266 ;;      Totals:         1       2       0       0       0
  1267 ;;Total ram usage:        3 bytes
  1268 ;; Hardware stack levels used:    1
  1269 ;; Hardware stack levels required when called:    1
  1270 ;; This function calls:
  1271 ;;		Nothing
  1272 ;; This function is called by:
  1273 ;;		_main
  1274 ;; This function uses a non-reentrant model
  1275 ;;
  1276                           
  1277                           
  1278                           ;psect for function _initOsc
  1279  0179                     _initOsc:	
  1280                           
  1281                           ;incstack = 0
  1282                           ; Regs used in _initOsc: [wreg-fsr0h+status,2+status,0]
  1283                           ;initOsc@frec stored from wreg
  1284  0179  00FA               	movwf	initOsc@frec
  1285  017A                     l1318:	
  1286                           
  1287                           ;OSCILADOR.c: 10:     switch(frec){
  1288  017A  29B1               	goto	l1322
  1289  017B                     l6:	
  1290                           ;OSCILADOR.c: 11:         case 0:
  1291                           
  1292                           
  1293                           ;OSCILADOR.c: 12:             OSCCONbits.IRCF0 = 0;
  1294  017B  1683               	bsf	3,5	;RP0=1, select bank1
  1295  017C  1303               	bcf	3,6	;RP1=0, select bank1
  1296  017D  120F               	bcf	15,4	;volatile
  1297                           
  1298                           ;OSCILADOR.c: 13:             OSCCONbits.IRCF1 = 0;
  1299  017E  128F               	bcf	15,5	;volatile
  1300                           
  1301                           ;OSCILADOR.c: 14:             OSCCONbits.IRCF2 = 0;
  1302  017F  130F               	bcf	15,6	;volatile
  1303                           
  1304                           ;OSCILADOR.c: 15:             break;
  1305  0180  29D5               	goto	l7
  1306  0181                     l8:	
  1307                           ;OSCILADOR.c: 16:         case 1:
  1308                           
  1309                           
  1310                           ;OSCILADOR.c: 17:             OSCCONbits.IRCF0 = 1;
  1311  0181  1683               	bsf	3,5	;RP0=1, select bank1
  1312  0182  1303               	bcf	3,6	;RP1=0, select bank1
  1313  0183  160F               	bsf	15,4	;volatile
  1314                           
  1315                           ;OSCILADOR.c: 18:             OSCCONbits.IRCF1 = 0;
  1316  0184  128F               	bcf	15,5	;volatile
  1317                           
  1318                           ;OSCILADOR.c: 19:             OSCCONbits.IRCF2 = 0;
  1319  0185  130F               	bcf	15,6	;volatile
  1320                           
  1321                           ;OSCILADOR.c: 20:             break;
  1322  0186  29D5               	goto	l7
  1323  0187                     l9:	
  1324                           ;OSCILADOR.c: 21:         case 2:
  1325                           
  1326                           
  1327                           ;OSCILADOR.c: 22:             OSCCONbits.IRCF0 = 0;
  1328  0187  1683               	bsf	3,5	;RP0=1, select bank1
  1329  0188  1303               	bcf	3,6	;RP1=0, select bank1
  1330  0189  120F               	bcf	15,4	;volatile
  1331                           
  1332                           ;OSCILADOR.c: 23:             OSCCONbits.IRCF1 = 1;
  1333  018A  168F               	bsf	15,5	;volatile
  1334                           
  1335                           ;OSCILADOR.c: 24:             OSCCONbits.IRCF2 = 0;
  1336  018B  130F               	bcf	15,6	;volatile
  1337                           
  1338                           ;OSCILADOR.c: 25:             break;
  1339  018C  29D5               	goto	l7
  1340  018D                     l10:	
  1341                           ;OSCILADOR.c: 26:         case 3:
  1342                           
  1343                           
  1344                           ;OSCILADOR.c: 27:             OSCCONbits.IRCF0 = 1;
  1345  018D  1683               	bsf	3,5	;RP0=1, select bank1
  1346  018E  1303               	bcf	3,6	;RP1=0, select bank1
  1347  018F  160F               	bsf	15,4	;volatile
  1348                           
  1349                           ;OSCILADOR.c: 28:             OSCCONbits.IRCF1 = 1;
  1350  0190  168F               	bsf	15,5	;volatile
  1351                           
  1352                           ;OSCILADOR.c: 29:             OSCCONbits.IRCF2 = 0;
  1353  0191  130F               	bcf	15,6	;volatile
  1354                           
  1355                           ;OSCILADOR.c: 30:             break;
  1356  0192  29D5               	goto	l7
  1357  0193                     l11:	
  1358                           ;OSCILADOR.c: 31:         case 4:
  1359                           
  1360                           
  1361                           ;OSCILADOR.c: 32:             OSCCONbits.IRCF0 = 0;
  1362  0193  1683               	bsf	3,5	;RP0=1, select bank1
  1363  0194  1303               	bcf	3,6	;RP1=0, select bank1
  1364  0195  120F               	bcf	15,4	;volatile
  1365                           
  1366                           ;OSCILADOR.c: 33:             OSCCONbits.IRCF1 = 0;
  1367  0196  128F               	bcf	15,5	;volatile
  1368                           
  1369                           ;OSCILADOR.c: 34:             OSCCONbits.IRCF2 = 1;
  1370  0197  170F               	bsf	15,6	;volatile
  1371                           
  1372                           ;OSCILADOR.c: 35:             break;
  1373  0198  29D5               	goto	l7
  1374  0199                     l12:	
  1375                           ;OSCILADOR.c: 36:         case 5:
  1376                           
  1377                           
  1378                           ;OSCILADOR.c: 37:             OSCCONbits.IRCF0 = 1;
  1379  0199  1683               	bsf	3,5	;RP0=1, select bank1
  1380  019A  1303               	bcf	3,6	;RP1=0, select bank1
  1381  019B  160F               	bsf	15,4	;volatile
  1382                           
  1383                           ;OSCILADOR.c: 38:             OSCCONbits.IRCF1 = 0;
  1384  019C  128F               	bcf	15,5	;volatile
  1385                           
  1386                           ;OSCILADOR.c: 39:             OSCCONbits.IRCF2 = 1;
  1387  019D  170F               	bsf	15,6	;volatile
  1388                           
  1389                           ;OSCILADOR.c: 40:             break;
  1390  019E  29D5               	goto	l7
  1391  019F                     l13:	
  1392                           ;OSCILADOR.c: 41:         case 6:
  1393                           
  1394                           
  1395                           ;OSCILADOR.c: 42:             OSCCONbits.IRCF0 = 0;
  1396  019F  1683               	bsf	3,5	;RP0=1, select bank1
  1397  01A0  1303               	bcf	3,6	;RP1=0, select bank1
  1398  01A1  120F               	bcf	15,4	;volatile
  1399                           
  1400                           ;OSCILADOR.c: 43:             OSCCONbits.IRCF1 = 1;
  1401  01A2  168F               	bsf	15,5	;volatile
  1402                           
  1403                           ;OSCILADOR.c: 44:             OSCCONbits.IRCF2 = 1;
  1404  01A3  170F               	bsf	15,6	;volatile
  1405                           
  1406                           ;OSCILADOR.c: 45:             break;
  1407  01A4  29D5               	goto	l7
  1408  01A5                     l14:	
  1409                           ;OSCILADOR.c: 46:         case 7:
  1410                           
  1411                           
  1412                           ;OSCILADOR.c: 47:             OSCCONbits.IRCF0 = 1;
  1413  01A5  1683               	bsf	3,5	;RP0=1, select bank1
  1414  01A6  1303               	bcf	3,6	;RP1=0, select bank1
  1415  01A7  160F               	bsf	15,4	;volatile
  1416                           
  1417                           ;OSCILADOR.c: 48:             OSCCONbits.IRCF1 = 1;
  1418  01A8  168F               	bsf	15,5	;volatile
  1419                           
  1420                           ;OSCILADOR.c: 49:             OSCCONbits.IRCF2 = 1;
  1421  01A9  170F               	bsf	15,6	;volatile
  1422                           
  1423                           ;OSCILADOR.c: 50:             break;
  1424  01AA  29D5               	goto	l7
  1425  01AB                     l15:	
  1426                           ;OSCILADOR.c: 51:         default:
  1427                           
  1428                           
  1429                           ;OSCILADOR.c: 52:             OSCCONbits.IRCF0 = 0;
  1430  01AB  1683               	bsf	3,5	;RP0=1, select bank1
  1431  01AC  1303               	bcf	3,6	;RP1=0, select bank1
  1432  01AD  120F               	bcf	15,4	;volatile
  1433                           
  1434                           ;OSCILADOR.c: 53:             OSCCONbits.IRCF1 = 1;
  1435  01AE  168F               	bsf	15,5	;volatile
  1436                           
  1437                           ;OSCILADOR.c: 54:             OSCCONbits.IRCF2 = 1;
  1438  01AF  170F               	bsf	15,6	;volatile
  1439                           
  1440                           ;OSCILADOR.c: 55:             break;
  1441  01B0  29D5               	goto	l7
  1442  01B1                     l1322:	
  1443  01B1  087A               	movf	initOsc@frec,w
  1444  01B2  1283               	bcf	3,5	;RP0=0, select bank0
  1445  01B3  1303               	bcf	3,6	;RP1=0, select bank0
  1446  01B4  00A3               	movwf	??_initOsc
  1447  01B5  01A4               	clrf	??_initOsc+1
  1448                           
  1449                           ; Switch on 2 bytes has been partitioned into a top level switch of size 1, and 1 sub-sw
      +                          itches
  1450                           ; Switch size 1, requested type "simple"
  1451                           ; Number of cases is 1, Range of values is 0 to 0
  1452                           ; switch strategies available:
  1453                           ; Name         Instructions Cycles
  1454                           ; simple_byte            4     3 (average)
  1455                           ; direct_byte           11     8 (fixed)
  1456                           ; jumptable            260     6 (fixed)
  1457                           ;	Chosen strategy is simple_byte
  1458  01B6  0824               	movf	??_initOsc+1,w
  1459  01B7  3A00               	xorlw	0	; case 0
  1460  01B8  1903               	skipnz
  1461  01B9  29BB               	goto	l1512
  1462  01BA  29AB               	goto	l15
  1463  01BB                     l1512:	
  1464                           
  1465                           ; Switch size 1, requested type "simple"
  1466                           ; Number of cases is 8, Range of values is 0 to 7
  1467                           ; switch strategies available:
  1468                           ; Name         Instructions Cycles
  1469                           ; simple_byte           25    13 (average)
  1470                           ; direct_byte           32     8 (fixed)
  1471                           ; jumptable            260     6 (fixed)
  1472                           ;	Chosen strategy is simple_byte
  1473  01BB  0823               	movf	??_initOsc,w
  1474  01BC  3A00               	xorlw	0	; case 0
  1475  01BD  1903               	skipnz
  1476  01BE  297B               	goto	l6
  1477  01BF  3A01               	xorlw	1	; case 1
  1478  01C0  1903               	skipnz
  1479  01C1  2981               	goto	l8
  1480  01C2  3A03               	xorlw	3	; case 2
  1481  01C3  1903               	skipnz
  1482  01C4  2987               	goto	l9
  1483  01C5  3A01               	xorlw	1	; case 3
  1484  01C6  1903               	skipnz
  1485  01C7  298D               	goto	l10
  1486  01C8  3A07               	xorlw	7	; case 4
  1487  01C9  1903               	skipnz
  1488  01CA  2993               	goto	l11
  1489  01CB  3A01               	xorlw	1	; case 5
  1490  01CC  1903               	skipnz
  1491  01CD  2999               	goto	l12
  1492  01CE  3A03               	xorlw	3	; case 6
  1493  01CF  1903               	skipnz
  1494  01D0  299F               	goto	l13
  1495  01D1  3A01               	xorlw	1	; case 7
  1496  01D2  1903               	skipnz
  1497  01D3  29A5               	goto	l14
  1498  01D4  29AB               	goto	l15
  1499  01D5                     l7:	
  1500                           
  1501                           ;OSCILADOR.c: 58:     OSCCONbits.SCS = 1;
  1502  01D5  140F               	bsf	15,0	;volatile
  1503  01D6                     l16:	
  1504  01D6  0008               	return
  1505  01D7                     __end_of_initOsc:	
  1506                           
  1507                           	psect	text4
  1508  0118                     __ptext4:	
  1509 ;; *************** function _isr *****************
  1510 ;; Defined at:
  1511 ;;		line 51 in file "sensor_deteccion.c"
  1512 ;; Parameters:    Size  Location     Type
  1513 ;;		None
  1514 ;; Auto vars:     Size  Location     Type
  1515 ;;		None
  1516 ;; Return value:  Size  Location     Type
  1517 ;;                  1    wreg      void 
  1518 ;; Registers used:
  1519 ;;		wreg
  1520 ;; Tracked objects:
  1521 ;;		On entry : 0/0
  1522 ;;		On exit  : 0/0
  1523 ;;		Unchanged: 0/0
  1524 ;; Data sizes:     COMMON   BANK0   BANK1   BANK3   BANK2
  1525 ;;      Params:         0       0       0       0       0
  1526 ;;      Locals:         0       0       0       0       0
  1527 ;;      Temps:          3       0       0       0       0
  1528 ;;      Totals:         3       0       0       0       0
  1529 ;;Total ram usage:        3 bytes
  1530 ;; Hardware stack levels used:    1
  1531 ;; This function calls:
  1532 ;;		Nothing
  1533 ;; This function is called by:
  1534 ;;		Interrupt level 1
  1535 ;; This function uses a non-reentrant model
  1536 ;;
  1537                           
  1538                           
  1539                           ;psect for function _isr
  1540  0118                     _isr:	
  1541  0118                     i1l1100:	
  1542                           
  1543                           ;sensor_deteccion.c: 52:    if(PIR1bits.SSPIF == 1){
  1544  0118  1283               	bcf	3,5	;RP0=0, select bank0
  1545  0119  1303               	bcf	3,6	;RP1=0, select bank0
  1546  011A  1D8C               	btfss	12,3	;volatile
  1547  011B  291D               	goto	u46_21
  1548  011C  291E               	goto	u46_20
  1549  011D                     u46_21:	
  1550  011D  2972               	goto	i1l100
  1551  011E                     u46_20:	
  1552  011E                     i1l1102:	
  1553                           
  1554                           ;sensor_deteccion.c: 54:         SSPCONbits.CKP = 0;
  1555  011E  1214               	bcf	20,4	;volatile
  1556                           
  1557                           ;sensor_deteccion.c: 56:         if ((SSPCONbits.SSPOV) || (SSPCONbits.WCOL)){
  1558  011F  1B14               	btfsc	20,6	;volatile
  1559  0120  2922               	goto	u47_21
  1560  0121  2923               	goto	u47_20
  1561  0122                     u47_21:	
  1562  0122  2927               	goto	i1l1106
  1563  0123                     u47_20:	
  1564  0123                     i1l1104:	
  1565  0123  1F94               	btfss	20,7	;volatile
  1566  0124  2926               	goto	u48_21
  1567  0125  2927               	goto	u48_20
  1568  0126                     u48_21:	
  1569  0126  292E               	goto	i1l1114
  1570  0127                     u48_20:	
  1571  0127                     i1l1106:	
  1572                           
  1573                           ;sensor_deteccion.c: 57:             z = SSPBUF;
  1574  0127  0813               	movf	19,w	;volatile
  1575  0128  00F7               	movwf	??_isr
  1576  0129  0877               	movf	??_isr,w
  1577  012A  00A1               	movwf	_z
  1578  012B                     i1l1108:	
  1579                           
  1580                           ;sensor_deteccion.c: 58:             SSPCONbits.SSPOV = 0;
  1581  012B  1314               	bcf	20,6	;volatile
  1582  012C                     i1l1110:	
  1583                           
  1584                           ;sensor_deteccion.c: 59:             SSPCONbits.WCOL = 0;
  1585  012C  1394               	bcf	20,7	;volatile
  1586  012D                     i1l1112:	
  1587                           
  1588                           ;sensor_deteccion.c: 60:             SSPCONbits.CKP = 1;
  1589  012D  1614               	bsf	20,4	;volatile
  1590  012E                     i1l1114:	
  1591                           
  1592                           ;sensor_deteccion.c: 63:         if(!SSPSTATbits.D_nA && !SSPSTATbits.R_nW) {
  1593  012E  1683               	bsf	3,5	;RP0=1, select bank1
  1594  012F  1303               	bcf	3,6	;RP1=0, select bank1
  1595  0130  1A94               	btfsc	20,5	;volatile
  1596  0131  2933               	goto	u49_21
  1597  0132  2934               	goto	u49_20
  1598  0133                     u49_21:	
  1599  0133  294F               	goto	i1l91
  1600  0134                     u49_20:	
  1601  0134                     i1l1116:	
  1602  0134  1914               	btfsc	20,2	;volatile
  1603  0135  2937               	goto	u50_21
  1604  0136  2938               	goto	u50_20
  1605  0137                     u50_21:	
  1606  0137  294F               	goto	i1l91
  1607  0138                     u50_20:	
  1608  0138                     i1l1118:	
  1609                           
  1610                           ;sensor_deteccion.c: 65:             z = SSPBUF;
  1611  0138  1283               	bcf	3,5	;RP0=0, select bank0
  1612  0139  1303               	bcf	3,6	;RP1=0, select bank0
  1613  013A  0813               	movf	19,w	;volatile
  1614  013B  00F7               	movwf	??_isr
  1615  013C  0877               	movf	??_isr,w
  1616  013D  00A1               	movwf	_z
  1617  013E                     i1l1120:	
  1618                           
  1619                           ;sensor_deteccion.c: 67:             PIR1bits.SSPIF = 0;
  1620  013E  118C               	bcf	12,3	;volatile
  1621  013F                     i1l1122:	
  1622                           
  1623                           ;sensor_deteccion.c: 68:             SSPCONbits.CKP = 1;
  1624  013F  1614               	bsf	20,4	;volatile
  1625  0140                     i1l92:	
  1626                           ;sensor_deteccion.c: 69:             while(!SSPSTATbits.BF);
  1627                           
  1628  0140  1683               	bsf	3,5	;RP0=1, select bank1
  1629  0141  1303               	bcf	3,6	;RP1=0, select bank1
  1630  0142  1C14               	btfss	20,0	;volatile
  1631  0143  2945               	goto	u51_21
  1632  0144  2946               	goto	u51_20
  1633  0145                     u51_21:	
  1634  0145  2940               	goto	i1l92
  1635  0146                     u51_20:	
  1636  0146                     i1l1124:	
  1637                           
  1638                           ;sensor_deteccion.c: 70:             PORTD = SSPBUF;
  1639  0146  1283               	bcf	3,5	;RP0=0, select bank0
  1640  0147  1303               	bcf	3,6	;RP1=0, select bank0
  1641  0148  0813               	movf	19,w	;volatile
  1642  0149  0088               	movwf	8	;volatile
  1643                           
  1644                           ;sensor_deteccion.c: 71:             _delay((unsigned long)((250)*(4000000/4000000.0)));
  1645  014A  3053               	movlw	83
  1646  014B  00F7               	movwf	??_isr
  1647  014C                     u119_27:	
  1648  014C  0BF7               	decfsz	??_isr,f
  1649  014D  294C               	goto	u119_27
  1650                           
  1651                           ;sensor_deteccion.c: 73:         }else if(!SSPSTATbits.D_nA && SSPSTATbits.R_nW){
  1652  014E  296F               	goto	i1l95
  1653  014F                     i1l91:	
  1654  014F  1A94               	btfsc	20,5	;volatile
  1655  0150  2952               	goto	u52_21
  1656  0151  2953               	goto	u52_20
  1657  0152                     u52_21:	
  1658  0152  296F               	goto	i1l95
  1659  0153                     u52_20:	
  1660  0153                     i1l1126:	
  1661  0153  1D14               	btfss	20,2	;volatile
  1662  0154  2956               	goto	u53_21
  1663  0155  2957               	goto	u53_20
  1664  0156                     u53_21:	
  1665  0156  296F               	goto	i1l95
  1666  0157                     u53_20:	
  1667  0157                     i1l1128:	
  1668                           
  1669                           ;sensor_deteccion.c: 74:             z = SSPBUF;
  1670  0157  1283               	bcf	3,5	;RP0=0, select bank0
  1671  0158  1303               	bcf	3,6	;RP1=0, select bank0
  1672  0159  0813               	movf	19,w	;volatile
  1673  015A  00F7               	movwf	??_isr
  1674  015B  0877               	movf	??_isr,w
  1675  015C  00A1               	movwf	_z
  1676  015D                     i1l1130:	
  1677                           
  1678                           ;sensor_deteccion.c: 75:             BF = 0;
  1679  015D  1683               	bsf	3,5	;RP0=1, select bank1
  1680  015E  1303               	bcf	3,6	;RP1=0, select bank1
  1681  015F  1014               	bcf	20,0	;volatile
  1682                           
  1683                           ;sensor_deteccion.c: 76:             SSPBUF = vehiculos;
  1684  0160  1283               	bcf	3,5	;RP0=0, select bank0
  1685  0161  1303               	bcf	3,6	;RP1=0, select bank0
  1686  0162  0822               	movf	_vehiculos,w
  1687  0163  0093               	movwf	19	;volatile
  1688  0164                     i1l1132:	
  1689                           
  1690                           ;sensor_deteccion.c: 77:             SSPCONbits.CKP = 1;
  1691  0164  1614               	bsf	20,4	;volatile
  1692                           
  1693                           ;sensor_deteccion.c: 78:             _delay((unsigned long)((250)*(4000000/4000000.0)));
  1694  0165  3053               	movlw	83
  1695  0166  00F7               	movwf	??_isr
  1696  0167                     u120_27:	
  1697  0167  0BF7               	decfsz	??_isr,f
  1698  0168  2967               	goto	u120_27
  1699  0169                     i1l97:	
  1700                           ;sensor_deteccion.c: 79:             while(SSPSTATbits.BF);
  1701                           
  1702  0169  1683               	bsf	3,5	;RP0=1, select bank1
  1703  016A  1303               	bcf	3,6	;RP1=0, select bank1
  1704  016B  1814               	btfsc	20,0	;volatile
  1705  016C  296E               	goto	u54_21
  1706  016D  296F               	goto	u54_20
  1707  016E                     u54_21:	
  1708  016E  2969               	goto	i1l97
  1709  016F                     u54_20:	
  1710  016F                     i1l95:	
  1711                           
  1712                           ;sensor_deteccion.c: 82:         PIR1bits.SSPIF = 0;
  1713  016F  1283               	bcf	3,5	;RP0=0, select bank0
  1714  0170  1303               	bcf	3,6	;RP1=0, select bank0
  1715  0171  118C               	bcf	12,3	;volatile
  1716  0172                     i1l100:	
  1717  0172  0879               	movf	??_isr+2,w
  1718  0173  008A               	movwf	10
  1719  0174  0E78               	swapf	(??_isr+1)^(0+4294967168),w
  1720  0175  0083               	movwf	3
  1721  0176  0EFE               	swapf	btemp,f
  1722  0177  0E7E               	swapf	btemp,w
  1723  0178  0009               	retfie
  1724  0179                     __end_of_isr:	
  1725  007E                     btemp	set	126	;btemp
  1726  007E                     wtemp0	set	126
  1727                           
  1728                           	psect	intentry
  1729  0004                     __pintentry:	
  1730                           ;incstack = 0
  1731                           ; Regs used in _isr: [wreg]
  1732                           
  1733  0004                     interrupt_function:	
  1734  007E                     saved_w	set	btemp
  1735  0004  00FE               	movwf	btemp
  1736  0005  0E03               	swapf	3,w
  1737  0006  00F8               	movwf	??_isr+1
  1738  0007  080A               	movf	10,w
  1739  0008  00F9               	movwf	??_isr+2
  1740  0009  120A  118A  2918   	ljmp	_isr


Data Sizes:
    Strings     0
    Constant    0
    Data        0
    BSS         10
    Persistent  0
    Stack       0

Auto Spaces:
    Space          Size  Autos    Used
    COMMON           14      4      11
    BANK0            80      3       6
    BANK1            80      0       0
    BANK3            96      0       0
    BANK2            96      0       0

Pointer List with Targets:

    None.

Critical Paths under _main in COMMON

    _main->_initOsc
    _setup->_I2C_Slave_Init

Critical Paths under _isr in COMMON

    None.

Critical Paths under _main in BANK0

    _main->_initOsc

Critical Paths under _isr in BANK0

    None.

Critical Paths under _main in BANK1

    None.

Critical Paths under _isr in BANK1

    None.

Critical Paths under _main in BANK3

    None.

Critical Paths under _isr in BANK3

    None.

Critical Paths under _main in BANK2

    None.

Critical Paths under _isr in BANK2

    None.

Call Graph Tables:

 ---------------------------------------------------------------------------------
 (Depth) Function   	        Calls       Base Space   Used Autos Params    Refs
 ---------------------------------------------------------------------------------
 (0) _main                                                 1     1      0      53
                                              2 BANK0      1     1      0
                            _initOsc
                              _setup
 ---------------------------------------------------------------------------------
 (1) _setup                                                0     0      0      22
                     _I2C_Slave_Init
 ---------------------------------------------------------------------------------
 (2) _I2C_Slave_Init                                       1     1      0      22
                                              3 COMMON     1     1      0
 ---------------------------------------------------------------------------------
 (1) _initOsc                                              3     3      0      31
                                              3 COMMON     1     1      0
                                              0 BANK0      2     2      0
 ---------------------------------------------------------------------------------
 Estimated maximum stack depth 2
 ---------------------------------------------------------------------------------
 (Depth) Function   	        Calls       Base Space   Used Autos Params    Refs
 ---------------------------------------------------------------------------------
 (3) _isr                                                  3     3      0       0
                                              0 COMMON     3     3      0
 ---------------------------------------------------------------------------------
 Estimated maximum stack depth 3
 ---------------------------------------------------------------------------------

 Call Graph Graphs:

 _main (ROOT)
   _initOsc
   _setup
     _I2C_Slave_Init

 _isr (ROOT)

 Address spaces:
Name               Size   Autos  Total    Cost      Usage
BITCOMMON            E      0       0       0        0.0%
EEDATA             100      0       0       0        0.0%
NULL                 0      0       0       0        0.0%
CODE                 0      0       0       0        0.0%
COMMON               E      4       B       1       78.6%
BITSFR0              0      0       0       1        0.0%
SFR0                 0      0       0       1        0.0%
BITSFR1              0      0       0       2        0.0%
SFR1                 0      0       0       2        0.0%
STACK                0      0       0       2        0.0%
ABS                  0      0      11       3        0.0%
BITBANK0            50      0       0       4        0.0%
BITSFR3              0      0       0       4        0.0%
SFR3                 0      0       0       4        0.0%
BANK0               50      3       6       5        7.5%
BITSFR2              0      0       0       5        0.0%
SFR2                 0      0       0       5        0.0%
BITBANK1            50      0       0       6        0.0%
BANK1               50      0       0       7        0.0%
BITBANK3            60      0       0       8        0.0%
BANK3               60      0       0       9        0.0%
BITBANK2            60      0       0      10        0.0%
BANK2               60      0       0      11        0.0%
DATA                 0      0      11      12        0.0%


Microchip Technology PIC Macro Assembler V2.10 build 88905656 
Symbol Table                                                                                   Wed Mar 11 11:41:00 2020

                       l6 017B                         l7 01D5                         l8 0181  
                       l9 0187                         _z 0021               __CFG_CP$OFF 0000  
             _SSPSTATbits 0094                        l10 018D                        l11 0193  
                      l12 0199                        l13 019F                        l14 01A5  
                      _BF 04A0                        l15 01AB                        l16 01D6  
                      _S1 0076                        _S2 0075                        _S3 0074  
                      _S4 0073                        _S5 0072                        _S6 0071  
                      _S7 0070                        _S8 0020                       l127 01F1  
                     l182 020B                       _GIE 005F              __CFG_CPD$OFF 0000  
                     u900 0045                       u901 0044                       u910 004D  
                     u911 004C                       u920 0052                       u921 0051  
                     u930 005D                       u931 005C                       u940 0062  
                     u941 0061                       u950 006A                       u870 0030  
                     u951 0069                       u871 002F                       u960 006F  
                     u880 0035                       u961 006E                       u881 0034  
                     u970 007A                       u890 0040                       u971 0079  
                     u891 003F                       u980 007F                       u981 007E  
                     u990 0087                       u991 0086                       _isr 0118  
            __CFG_LVP$OFF 0000                      l1070 0201                      l1080 0208  
                    l1072 0202                      l1400 0092                      l1322 01B1  
                    l1074 0203                      l1410 009F                      l1402 0093  
                    l1330 0025                      l1076 0204                      l1068 01F3  
                    l1092 01D7                      l1420 00AF                      l1404 0097  
                    l1412 00A0                      l1340 003B                      l1332 002A  
                    l1318 017A                      l1078 0205                      l1094 01DB  
                    l1430 00BC                      l1414 00A4                      l1422 00B0  
                    l1406 009C                      l1350 0048                      l1334 0030  
                    l1342 003C                      l1512 01BB                      l1096 01DC  
                    l1440 00CC                      l1424 00B4                      l1432 00BD  
                    l1416 00A9                      l1408 009E                      l1360 0058  
                    l1344 0040                      l1352 0049                      l1336 0035  
                    l1328 001F                      l1098 01EB                      l1450 00D9  
                    l1434 00C1                      l1442 00CD                      l1426 00B9  
                    l1418 00AD                      l1370 0065                      l1354 004D  
                    l1362 0059                      l1346 0045                      l1338 0039  
                    l1460 00E9                      l1444 00D1                      l1452 00DA  
                    l1436 00C6                      l1428 00BB                      l1380 0075  
                    l1364 005D                      l1372 0066                      l1356 0052  
                    l1348 0047                      l1470 00F6                      l1454 00DE  
                    l1462 00EA                      l1446 00D6                      l1438 00CA  
                    l1390 0082                      l1374 006A                      l1382 0076  
                    l1366 0062                      l1358 0056                      l1480 0106  
                    l1464 00EE                      l1472 00F7                      l1456 00E3  
                    l1448 00D8                      l1384 007A                      l1392 0083  
                    l1376 006F                      l1368 0064                      l1490 0113  
                    l1474 00FB                      l1482 0107                      l1466 00F3  
                    l1458 00E7                      l1394 0087                      l1386 007F  
                    l1378 0073                      l1484 010B                      l1476 0100  
                    l1468 00F5                      l1396 008C                      l1388 0081  
                    l1486 0110                      l1478 0104                      l1398 0090  
                    l1488 0112                      ?_isr 0077                      u1000 008C  
                    u1001 008B                      u1010 0097                      u1011 0096  
                    u1100 00D6                      u1020 009C                      u1101 00D5  
                    u1021 009B                      u1110 00DE                      u1030 00A4  
                    u1111 00DD                      u1031 00A3                      u1120 00E3  
                    u1040 00A9                      u1121 00E2                      u1041 00A8  
                    u1130 00EE                      u1050 00B4                      u1131 00ED  
                    u1051 00B3                      u1140 00F3                      u1060 00B9  
                    u1141 00F2                      u1061 00B8                      u1150 00FB  
                    u1070 00C1                      u1151 00FA                      u1071 00C0  
                    u1160 0100                      u1080 00C6                      u1161 00FF  
                    u1081 00C5                      u1170 010B                      u1090 00D1  
                    u1171 010A                      u1091 00D0                      u1180 0110  
                    u1181 010F                      _PEIE 005E                      i1l91 014F  
                    i1l92 0140                      i1l95 016F                      i1l97 0169  
            __CFG_WRT$OFF 0000                      _main 001F                      btemp 007E  
                    start 000C             __CFG_IESO$OFF 0000                     ??_isr 0077  
                   ?_main 0077             __CFG_WDTE$OFF 0000                     _ANSEL 0188  
                   i1l100 0172                     u50_20 0138                     u50_21 0137  
                   u51_20 0146                     u51_21 0145                     _PORTA 0005  
                   _PORTB 0006                     _PORTC 0007                     _PORTD 0008  
                   _PORTE 0009                     u52_20 0153                     u52_21 0152  
                   u53_20 0157                     u53_21 0156                     u54_20 016F  
                   u46_20 011E                     u54_21 016E                     u46_21 011D  
                   u47_20 0123                     u47_21 0122                     u48_20 0127  
                   u48_21 0126                     u49_20 0134                     u49_21 0133  
                   _TRISA 0085                     _TRISB 0086                     _TRISC 0087  
                   _TRISD 0088                     _SSPIE 0463                     _TRISE 0089  
                   _SSPIF 0063            __CFG_FCMEN$OFF 0000           __end_of_initOsc 01D7  
                   _setup 01D7            __CFG_BOREN$OFF 0000                     pclath 000A  
                   status 0003                     wtemp0 007E            __CFG_MCLRE$OFF 0000  
         __initialization 000F              __end_of_main 0118                    ??_main 0025  
                  ?_setup 0077                    _ANSELH 0189                    i1l1100 0118  
                  i1l1110 012C                    i1l1102 011E                    i1l1120 013E  
                  i1l1112 012D                    i1l1104 0123                    i1l1130 015D  
                  i1l1122 013F                    i1l1114 012E                    i1l1106 0127  
                  i1l1132 0164                    i1l1124 0146                    i1l1116 0134  
                  i1l1108 012B                    i1l1126 0153                    i1l1118 0138  
                  i1l1128 0157                    u120_27 0167                    u119_27 014C  
             initOsc@frec 007A                    _SSPADD 0093                    _TRISC3 043B  
                  _TRISC4 043C                    _SSPBUF 0013                    _SSPCON 0014  
          __CFG_PWRTE$OFF 0000                 ??_initOsc 0023                    saved_w 007E  
 __end_of__initialization 001B            __pcstackCOMMON 0077   __size_of_I2C_Slave_Init 001A  
           __end_of_setup 01F2                   ??_setup 007B     I2C_Slave_Init@address 007A  
              __pbssBANK0 0020                __pmaintext 001F                __pintentry 0004  
                 _SSPCON2 0091                   _SSPSTAT 0094                   __ptext1 01D7  
                 __ptext2 01F2                   __ptext3 0179                   __ptext4 0118  
                 _initOsc 0179              __size_of_isr 0061      end_of_initialization 001B  
          _I2C_Slave_Init 01F2                 _PORTAbits 0005                 _PORTBbits 0006  
               _TRISCbits 0087    __end_of_I2C_Slave_Init 020C       start_initialization 000F  
             __end_of_isr 0179  __CFG_FOSC$INTRC_NOCLKOUT 0000           ?_I2C_Slave_Init 0077  
             __pbssCOMMON 0070                 ___latbits 0002             __pcstackBANK0 0023  
                ?_initOsc 0077            __size_of_setup 001B         interrupt_function 0004  
                _PIR1bits 000C                 _vehiculos 0022          __size_of_initOsc 005E  
       __CFG_BOR4V$BOR40V 0000          ??_I2C_Slave_Init 007A             __size_of_main 00F9  
                intlevel1 0000                _OSCCONbits 008F               _SSPCON2bits 0091  
              _SSPCONbits 0014  
